<?xml version="1.0" encoding="UTF-8"?>
<!-- Generated by org.testng.reporters.JUnitXMLReporter -->
<testsuite ignored="8" hostname="Sanket" failures="0" tests="7" name="Default test" time="29.436" errors="0" timestamp="2025-04-18T17:29:37 IST">
  <testcase classname="tests.LoginTest" name="loginWithMultipleUsers" time="1.187"/>
  <testcase classname="tests.LoginTest" name="loginWithMultipleUsers" time="0.71"/>
  <testcase classname="tests.LoginTest" name="loginWithMultipleUsers" time="0.972"/>
  <testcase classname="tests.LoginTest" name="loginWithMultipleUsers" time="6.219"/>
  <testcase classname="tests.CheckOutTest" name="completePurchase" time="2.494"/>
  <testcase classname="tests.FilterTest" name="filterProductsLowToHigh" time="1.071"/>
  <testcase classname="tests.CartTest" name="addItemToCart" time="2.83"/>
  <testcase classname="base.BaseTest" name="@BeforeSuite setupReport" time="0.0">
    <ignored/>
  </testcase> <!-- @BeforeSuite setupReport -->
  <testcase classname="base.BaseTest" name="@BeforeSuite setupReport" time="0.0">
    <ignored/>
  </testcase> <!-- @BeforeSuite setupReport -->
  <testcase classname="base.BaseTest" name="@BeforeSuite setupReport" time="0.0">
    <ignored/>
  </testcase> <!-- @BeforeSuite setupReport -->
  <testcase classname="base.BaseTest" name="@BeforeSuite setupReport" time="0.0">
    <ignored/>
  </testcase> <!-- @BeforeSuite setupReport -->
  <testcase classname="base.BaseTest" name="@AfterSuite flushReport" time="0.0">
    <ignored/>
  </testcase> <!-- @AfterSuite flushReport -->
  <testcase classname="base.BaseTest" name="@AfterSuite flushReport" time="0.0">
    <ignored/>
  </testcase> <!-- @AfterSuite flushReport -->
  <testcase classname="base.BaseTest" name="@AfterSuite flushReport" time="0.0">
    <ignored/>
  </testcase> <!-- @AfterSuite flushReport -->
  <testcase classname="base.BaseTest" name="@AfterSuite flushReport" time="0.0">
    <ignored/>
  </testcase> <!-- @AfterSuite flushReport -->
</testsuite> <!-- Default test -->
