<?xml version="1.0" encoding="UTF-8"?>
<!-- Generated by org.testng.reporters.JUnitXMLReporter -->
<testsuite ignored="0" hostname="Sanket" failures="0" tests="4" name="Default test" time="16.252" errors="0" timestamp="2025-04-18T16:42:35 IST">
  <testcase classname="tests.LoginTest" name="loginWithMultipleUsers" time="1.088"/>
  <testcase classname="tests.LoginTest" name="loginWithMultipleUsers" time="0.541"/>
  <testcase classname="tests.LoginTest" name="loginWithMultipleUsers" time="0.637"/>
  <testcase classname="tests.LoginTest" name="loginWithMultipleUsers" time="5.96"/>
</testsuite> <!-- Default test -->
