<?xml version="1.0" encoding="UTF-8"?>
<testng-results ignored="0" total="4" passed="4" failed="0" skipped="0">
  <reporter-output>
  </reporter-output>
  <suite started-at="2025-04-18T16:42:19 IST" name="Default suite" finished-at="2025-04-18T16:42:35 IST" duration-ms="16252">
    <groups>
    </groups>
    <test started-at="2025-04-18T16:42:19 IST" name="Default test" finished-at="2025-04-18T16:42:35 IST" duration-ms="16252">
      <class name="tests.LoginTest">
        <test-method is-config="true" signature="setupReport()[pri:0, instance:tests.LoginTest@313ac989]" started-at="2025-04-18T16:42:18 IST" name="setupReport" finished-at="2025-04-18T16:42:19 IST" duration-ms="294" status="PASS">
          <reporter-output>
          </reporter-output>
        </test-method> <!-- setupReport -->
        <test-method is-config="true" signature="setUp(java.lang.reflect.Method)[pri:0, instance:tests.LoginTest@313ac989]" started-at="2025-04-18T16:42:20 IST" name="setUp" finished-at="2025-04-18T16:42:22 IST" duration-ms="2152" status="PASS">
          <params>
            <param index="0">
              <value>
                <![CDATA[public void tests.LoginTest.loginWithMultipleUsers(java.lang.String,java.lang.String)]]>
              </value>
            </param>
          </params>
          <reporter-output>
          </reporter-output>
        </test-method> <!-- setUp -->
        <test-method signature="loginWithMultipleUsers(java.lang.String,java.lang.String)[pri:0, instance:tests.LoginTest@313ac989]" started-at="2025-04-18T16:42:22 IST" name="loginWithMultipleUsers" data-provider="loginData" finished-at="2025-04-18T16:42:23 IST" duration-ms="1088" status="PASS">
          <params>
            <param index="0">
              <value>
                <![CDATA[standard_user]]>
              </value>
            </param>
            <param index="1">
              <value>
                <![CDATA[secret_sauce]]>
              </value>
            </param>
          </params>
          <reporter-output>
          </reporter-output>
        </test-method> <!-- loginWithMultipleUsers -->
        <test-method is-config="true" signature="tearDown(org.testng.ITestResult)[pri:0, instance:tests.LoginTest@313ac989]" started-at="2025-04-18T16:42:23 IST" name="tearDown" finished-at="2025-04-18T16:42:23 IST" duration-ms="268" status="PASS">
          <params>
            <param index="0">
              <value>
                <![CDATA[[TestResult name=loginWithMultipleUsers status=SUCCESS method=LoginTest.loginWithMultipleUsers(java.lang.String,java.lang.String)[pri:0, instance:tests.LoginTest@313ac989] output={null}]]]>
              </value>
            </param>
          </params>
          <reporter-output>
          </reporter-output>
        </test-method> <!-- tearDown -->
        <test-method is-config="true" signature="setUp(java.lang.reflect.Method)[pri:0, instance:tests.LoginTest@313ac989]" started-at="2025-04-18T16:42:23 IST" name="setUp" finished-at="2025-04-18T16:42:25 IST" duration-ms="1223" status="PASS">
          <params>
            <param index="0">
              <value>
                <![CDATA[public void tests.LoginTest.loginWithMultipleUsers(java.lang.String,java.lang.String)]]>
              </value>
            </param>
          </params>
          <reporter-output>
          </reporter-output>
        </test-method> <!-- setUp -->
        <test-method signature="loginWithMultipleUsers(java.lang.String,java.lang.String)[pri:0, instance:tests.LoginTest@313ac989]" started-at="2025-04-18T16:42:25 IST" name="loginWithMultipleUsers" data-provider="loginData" finished-at="2025-04-18T16:42:25 IST" duration-ms="541" status="PASS">
          <params>
            <param index="0">
              <value>
                <![CDATA[locked_out_user]]>
              </value>
            </param>
            <param index="1">
              <value>
                <![CDATA[secret_sauce]]>
              </value>
            </param>
          </params>
          <reporter-output>
          </reporter-output>
        </test-method> <!-- loginWithMultipleUsers -->
        <test-method is-config="true" signature="tearDown(org.testng.ITestResult)[pri:0, instance:tests.LoginTest@313ac989]" started-at="2025-04-18T16:42:25 IST" name="tearDown" finished-at="2025-04-18T16:42:25 IST" duration-ms="254" status="PASS">
          <params>
            <param index="0">
              <value>
                <![CDATA[[TestResult name=loginWithMultipleUsers status=SUCCESS method=LoginTest.loginWithMultipleUsers(java.lang.String,java.lang.String)[pri:0, instance:tests.LoginTest@313ac989] output={null}]]]>
              </value>
            </param>
          </params>
          <reporter-output>
          </reporter-output>
        </test-method> <!-- tearDown -->
        <test-method is-config="true" signature="setUp(java.lang.reflect.Method)[pri:0, instance:tests.LoginTest@313ac989]" started-at="2025-04-18T16:42:25 IST" name="setUp" finished-at="2025-04-18T16:42:27 IST" duration-ms="1257" status="PASS">
          <params>
            <param index="0">
              <value>
                <![CDATA[public void tests.LoginTest.loginWithMultipleUsers(java.lang.String,java.lang.String)]]>
              </value>
            </param>
          </params>
          <reporter-output>
          </reporter-output>
        </test-method> <!-- setUp -->
        <test-method signature="loginWithMultipleUsers(java.lang.String,java.lang.String)[pri:0, instance:tests.LoginTest@313ac989]" started-at="2025-04-18T16:42:27 IST" name="loginWithMultipleUsers" data-provider="loginData" finished-at="2025-04-18T16:42:27 IST" duration-ms="637" status="PASS">
          <params>
            <param index="0">
              <value>
                <![CDATA[problem_user]]>
              </value>
            </param>
            <param index="1">
              <value>
                <![CDATA[secret_sauce]]>
              </value>
            </param>
          </params>
          <reporter-output>
          </reporter-output>
        </test-method> <!-- loginWithMultipleUsers -->
        <test-method is-config="true" signature="tearDown(org.testng.ITestResult)[pri:0, instance:tests.LoginTest@313ac989]" started-at="2025-04-18T16:42:27 IST" name="tearDown" finished-at="2025-04-18T16:42:27 IST" duration-ms="242" status="PASS">
          <params>
            <param index="0">
              <value>
                <![CDATA[[TestResult name=loginWithMultipleUsers status=SUCCESS method=LoginTest.loginWithMultipleUsers(java.lang.String,java.lang.String)[pri:0, instance:tests.LoginTest@313ac989] output={null}]]]>
              </value>
            </param>
          </params>
          <reporter-output>
          </reporter-output>
        </test-method> <!-- tearDown -->
        <test-method is-config="true" signature="setUp(java.lang.reflect.Method)[pri:0, instance:tests.LoginTest@313ac989]" started-at="2025-04-18T16:42:27 IST" name="setUp" finished-at="2025-04-18T16:42:29 IST" duration-ms="1182" status="PASS">
          <params>
            <param index="0">
              <value>
                <![CDATA[public void tests.LoginTest.loginWithMultipleUsers(java.lang.String,java.lang.String)]]>
              </value>
            </param>
          </params>
          <reporter-output>
          </reporter-output>
        </test-method> <!-- setUp -->
        <test-method signature="loginWithMultipleUsers(java.lang.String,java.lang.String)[pri:0, instance:tests.LoginTest@313ac989]" started-at="2025-04-18T16:42:29 IST" name="loginWithMultipleUsers" data-provider="loginData" finished-at="2025-04-18T16:42:35 IST" duration-ms="5960" status="PASS">
          <params>
            <param index="0">
              <value>
                <![CDATA[performance_glitch_user]]>
              </value>
            </param>
            <param index="1">
              <value>
                <![CDATA[secret_sauce]]>
              </value>
            </param>
          </params>
          <reporter-output>
          </reporter-output>
        </test-method> <!-- loginWithMultipleUsers -->
        <test-method is-config="true" signature="tearDown(org.testng.ITestResult)[pri:0, instance:tests.LoginTest@313ac989]" started-at="2025-04-18T16:42:35 IST" name="tearDown" finished-at="2025-04-18T16:42:35 IST" duration-ms="263" status="PASS">
          <params>
            <param index="0">
              <value>
                <![CDATA[[TestResult name=loginWithMultipleUsers status=SUCCESS method=LoginTest.loginWithMultipleUsers(java.lang.String,java.lang.String)[pri:0, instance:tests.LoginTest@313ac989] output={null}]]]>
              </value>
            </param>
          </params>
          <reporter-output>
          </reporter-output>
        </test-method> <!-- tearDown -->
        <test-method is-config="true" signature="flushReport()[pri:0, instance:tests.LoginTest@313ac989]" started-at="2025-04-18T16:42:35 IST" name="flushReport" finished-at="2025-04-18T16:42:35 IST" duration-ms="404" status="PASS">
          <reporter-output>
          </reporter-output>
        </test-method> <!-- flushReport -->
      </class> <!-- tests.LoginTest -->
    </test> <!-- Default test -->
  </suite> <!-- Default suite -->
</testng-results>
