<?xml version="1.0" encoding="UTF-8"?>
<testng-results ignored="8" total="15" passed="7" failed="0" skipped="0">
  <reporter-output>
  </reporter-output>
  <suite started-at="2025-04-18T17:29:08 IST" name="Default suite" finished-at="2025-04-18T17:29:37 IST" duration-ms="29436">
    <groups>
    </groups>
    <test started-at="2025-04-18T17:29:08 IST" name="Default test" finished-at="2025-04-18T17:29:37 IST" duration-ms="29436">
      <class name="tests.LoginTest">
        <test-method is-config="true" signature="setupReport()[pri:0, instance:tests.LoginTest@74e28667]" started-at="2025-04-18T17:29:07 IST" name="setupReport" finished-at="2025-04-18T17:29:08 IST" duration-ms="342" status="PASS">
          <reporter-output>
          </reporter-output>
        </test-method> <!-- setupReport -->
        <test-method is-config="true" signature="setUp(java.lang.reflect.Method)[pri:0, instance:tests.LoginTest@74e28667]" started-at="2025-04-18T17:29:09 IST" name="setUp" finished-at="2025-04-18T17:29:11 IST" duration-ms="2598" status="PASS">
          <params>
            <param index="0">
              <value>
                <![CDATA[public void tests.LoginTest.loginWithMultipleUsers(java.lang.String,java.lang.String)]]>
              </value>
            </param>
          </params>
          <reporter-output>
          </reporter-output>
        </test-method> <!-- setUp -->
        <test-method signature="loginWithMultipleUsers(java.lang.String,java.lang.String)[pri:0, instance:tests.LoginTest@74e28667]" started-at="2025-04-18T17:29:11 IST" name="loginWithMultipleUsers" data-provider="loginData" finished-at="2025-04-18T17:29:13 IST" duration-ms="1187" status="PASS">
          <params>
            <param index="0">
              <value>
                <![CDATA[standard_user]]>
              </value>
            </param>
            <param index="1">
              <value>
                <![CDATA[secret_sauce]]>
              </value>
            </param>
          </params>
          <reporter-output>
          </reporter-output>
        </test-method> <!-- loginWithMultipleUsers -->
        <test-method is-config="true" signature="tearDown(org.testng.ITestResult)[pri:0, instance:tests.LoginTest@74e28667]" started-at="2025-04-18T17:29:13 IST" name="tearDown" finished-at="2025-04-18T17:29:13 IST" duration-ms="265" status="PASS">
          <params>
            <param index="0">
              <value>
                <![CDATA[[TestResult name=loginWithMultipleUsers status=SUCCESS method=LoginTest.loginWithMultipleUsers(java.lang.String,java.lang.String)[pri:0, instance:tests.LoginTest@74e28667] output={null}]]]>
              </value>
            </param>
          </params>
          <reporter-output>
          </reporter-output>
        </test-method> <!-- tearDown -->
        <test-method is-config="true" signature="setUp(java.lang.reflect.Method)[pri:0, instance:tests.LoginTest@74e28667]" started-at="2025-04-18T17:29:13 IST" name="setUp" finished-at="2025-04-18T17:29:15 IST" duration-ms="2202" status="PASS">
          <params>
            <param index="0">
              <value>
                <![CDATA[public void tests.LoginTest.loginWithMultipleUsers(java.lang.String,java.lang.String)]]>
              </value>
            </param>
          </params>
          <reporter-output>
          </reporter-output>
        </test-method> <!-- setUp -->
        <test-method signature="loginWithMultipleUsers(java.lang.String,java.lang.String)[pri:0, instance:tests.LoginTest@74e28667]" started-at="2025-04-18T17:29:15 IST" name="loginWithMultipleUsers" data-provider="loginData" finished-at="2025-04-18T17:29:16 IST" duration-ms="710" status="PASS">
          <params>
            <param index="0">
              <value>
                <![CDATA[locked_out_user]]>
              </value>
            </param>
            <param index="1">
              <value>
                <![CDATA[secret_sauce]]>
              </value>
            </param>
          </params>
          <reporter-output>
          </reporter-output>
        </test-method> <!-- loginWithMultipleUsers -->
        <test-method is-config="true" signature="tearDown(org.testng.ITestResult)[pri:0, instance:tests.LoginTest@74e28667]" started-at="2025-04-18T17:29:16 IST" name="tearDown" finished-at="2025-04-18T17:29:16 IST" duration-ms="249" status="PASS">
          <params>
            <param index="0">
              <value>
                <![CDATA[[TestResult name=loginWithMultipleUsers status=SUCCESS method=LoginTest.loginWithMultipleUsers(java.lang.String,java.lang.String)[pri:0, instance:tests.LoginTest@74e28667] output={null}]]]>
              </value>
            </param>
          </params>
          <reporter-output>
          </reporter-output>
        </test-method> <!-- tearDown -->
        <test-method is-config="true" signature="setUp(java.lang.reflect.Method)[pri:0, instance:tests.LoginTest@74e28667]" started-at="2025-04-18T17:29:16 IST" name="setUp" finished-at="2025-04-18T17:29:17 IST" duration-ms="1119" status="PASS">
          <params>
            <param index="0">
              <value>
                <![CDATA[public void tests.LoginTest.loginWithMultipleUsers(java.lang.String,java.lang.String)]]>
              </value>
            </param>
          </params>
          <reporter-output>
          </reporter-output>
        </test-method> <!-- setUp -->
        <test-method signature="loginWithMultipleUsers(java.lang.String,java.lang.String)[pri:0, instance:tests.LoginTest@74e28667]" started-at="2025-04-18T17:29:17 IST" name="loginWithMultipleUsers" data-provider="loginData" finished-at="2025-04-18T17:29:18 IST" duration-ms="972" status="PASS">
          <params>
            <param index="0">
              <value>
                <![CDATA[problem_user]]>
              </value>
            </param>
            <param index="1">
              <value>
                <![CDATA[secret_sauce]]>
              </value>
            </param>
          </params>
          <reporter-output>
          </reporter-output>
        </test-method> <!-- loginWithMultipleUsers -->
        <test-method is-config="true" signature="tearDown(org.testng.ITestResult)[pri:0, instance:tests.LoginTest@74e28667]" started-at="2025-04-18T17:29:18 IST" name="tearDown" finished-at="2025-04-18T17:29:18 IST" duration-ms="249" status="PASS">
          <params>
            <param index="0">
              <value>
                <![CDATA[[TestResult name=loginWithMultipleUsers status=SUCCESS method=LoginTest.loginWithMultipleUsers(java.lang.String,java.lang.String)[pri:0, instance:tests.LoginTest@74e28667] output={null}]]]>
              </value>
            </param>
          </params>
          <reporter-output>
          </reporter-output>
        </test-method> <!-- tearDown -->
        <test-method is-config="true" signature="setUp(java.lang.reflect.Method)[pri:0, instance:tests.LoginTest@74e28667]" started-at="2025-04-18T17:29:18 IST" name="setUp" finished-at="2025-04-18T17:29:20 IST" duration-ms="1289" status="PASS">
          <params>
            <param index="0">
              <value>
                <![CDATA[public void tests.LoginTest.loginWithMultipleUsers(java.lang.String,java.lang.String)]]>
              </value>
            </param>
          </params>
          <reporter-output>
          </reporter-output>
        </test-method> <!-- setUp -->
        <test-method signature="loginWithMultipleUsers(java.lang.String,java.lang.String)[pri:0, instance:tests.LoginTest@74e28667]" started-at="2025-04-18T17:29:20 IST" name="loginWithMultipleUsers" data-provider="loginData" finished-at="2025-04-18T17:29:26 IST" duration-ms="6219" status="PASS">
          <params>
            <param index="0">
              <value>
                <![CDATA[performance_glitch_user]]>
              </value>
            </param>
            <param index="1">
              <value>
                <![CDATA[secret_sauce]]>
              </value>
            </param>
          </params>
          <reporter-output>
          </reporter-output>
        </test-method> <!-- loginWithMultipleUsers -->
        <test-method is-config="true" signature="tearDown(org.testng.ITestResult)[pri:0, instance:tests.LoginTest@74e28667]" started-at="2025-04-18T17:29:26 IST" name="tearDown" finished-at="2025-04-18T17:29:26 IST" duration-ms="264" status="PASS">
          <params>
            <param index="0">
              <value>
                <![CDATA[[TestResult name=loginWithMultipleUsers status=SUCCESS method=LoginTest.loginWithMultipleUsers(java.lang.String,java.lang.String)[pri:0, instance:tests.LoginTest@74e28667] output={null}]]]>
              </value>
            </param>
          </params>
          <reporter-output>
          </reporter-output>
        </test-method> <!-- tearDown -->
        <test-method is-config="true" signature="flushReport()[pri:0, instance:tests.LoginTest@74e28667]" started-at="2025-04-18T17:29:37 IST" name="flushReport" finished-at="2025-04-18T17:29:37 IST" duration-ms="348" status="PASS">
          <reporter-output>
          </reporter-output>
        </test-method> <!-- flushReport -->
      </class> <!-- tests.LoginTest -->
      <class name="tests.CheckOutTest">
        <test-method is-config="true" signature="setUp(java.lang.reflect.Method)[pri:0, instance:tests.CheckOutTest@4be29ed9]" started-at="2025-04-18T17:29:26 IST" name="setUp" finished-at="2025-04-18T17:29:27 IST" duration-ms="1221" status="PASS">
          <params>
            <param index="0">
              <value>
                <![CDATA[public void tests.CheckOutTest.completePurchase()]]>
              </value>
            </param>
          </params>
          <reporter-output>
          </reporter-output>
        </test-method> <!-- setUp -->
        <test-method signature="completePurchase()[pri:0, instance:tests.CheckOutTest@4be29ed9]" started-at="2025-04-18T17:29:27 IST" name="completePurchase" finished-at="2025-04-18T17:29:30 IST" duration-ms="2494" status="PASS">
          <reporter-output>
          </reporter-output>
        </test-method> <!-- completePurchase -->
        <test-method is-config="true" signature="tearDown(org.testng.ITestResult)[pri:0, instance:tests.CheckOutTest@4be29ed9]" started-at="2025-04-18T17:29:30 IST" name="tearDown" finished-at="2025-04-18T17:29:30 IST" duration-ms="242" status="PASS">
          <params>
            <param index="0">
              <value>
                <![CDATA[[TestResult name=completePurchase status=SUCCESS method=CheckOutTest.completePurchase()[pri:0, instance:tests.CheckOutTest@4be29ed9] output={null}]]]>
              </value>
            </param>
          </params>
          <reporter-output>
          </reporter-output>
        </test-method> <!-- tearDown -->
      </class> <!-- tests.CheckOutTest -->
      <class name="tests.CartTest">
        <test-method is-config="true" signature="setUp(java.lang.reflect.Method)[pri:0, instance:tests.CartTest@53fb3dab]" started-at="2025-04-18T17:29:33 IST" name="setUp" finished-at="2025-04-18T17:29:34 IST" duration-ms="1301" status="PASS">
          <params>
            <param index="0">
              <value>
                <![CDATA[public void tests.CartTest.addItemToCart()]]>
              </value>
            </param>
          </params>
          <reporter-output>
          </reporter-output>
        </test-method> <!-- setUp -->
        <test-method signature="addItemToCart()[pri:0, instance:tests.CartTest@53fb3dab]" started-at="2025-04-18T17:29:34 IST" name="addItemToCart" finished-at="2025-04-18T17:29:37 IST" duration-ms="2830" status="PASS">
          <reporter-output>
          </reporter-output>
        </test-method> <!-- addItemToCart -->
        <test-method is-config="true" signature="tearDown(org.testng.ITestResult)[pri:0, instance:tests.CartTest@53fb3dab]" started-at="2025-04-18T17:29:37 IST" name="tearDown" finished-at="2025-04-18T17:29:37 IST" duration-ms="252" status="PASS">
          <params>
            <param index="0">
              <value>
                <![CDATA[[TestResult name=addItemToCart status=SUCCESS method=CartTest.addItemToCart()[pri:0, instance:tests.CartTest@53fb3dab] output={null}]]]>
              </value>
            </param>
          </params>
          <reporter-output>
          </reporter-output>
        </test-method> <!-- tearDown -->
      </class> <!-- tests.CartTest -->
      <class name="tests.FilterTest">
        <test-method is-config="true" signature="setUp(java.lang.reflect.Method)[pri:0, instance:tests.FilterTest@548d708a]" started-at="2025-04-18T17:29:30 IST" name="setUp" finished-at="2025-04-18T17:29:31 IST" duration-ms="1246" status="PASS">
          <params>
            <param index="0">
              <value>
                <![CDATA[public void tests.FilterTest.filterProductsLowToHigh()]]>
              </value>
            </param>
          </params>
          <reporter-output>
          </reporter-output>
        </test-method> <!-- setUp -->
        <test-method signature="filterProductsLowToHigh()[pri:0, instance:tests.FilterTest@548d708a]" started-at="2025-04-18T17:29:31 IST" name="filterProductsLowToHigh" finished-at="2025-04-18T17:29:32 IST" duration-ms="1071" status="PASS">
          <reporter-output>
          </reporter-output>
        </test-method> <!-- filterProductsLowToHigh -->
        <test-method is-config="true" signature="tearDown(org.testng.ITestResult)[pri:0, instance:tests.FilterTest@548d708a]" started-at="2025-04-18T17:29:32 IST" name="tearDown" finished-at="2025-04-18T17:29:33 IST" duration-ms="234" status="PASS">
          <params>
            <param index="0">
              <value>
                <![CDATA[[TestResult name=filterProductsLowToHigh status=SUCCESS method=FilterTest.filterProductsLowToHigh()[pri:0, instance:tests.FilterTest@548d708a] output={null}]]]>
              </value>
            </param>
          </params>
          <reporter-output>
          </reporter-output>
        </test-method> <!-- tearDown -->
      </class> <!-- tests.FilterTest -->
    </test> <!-- Default test -->
  </suite> <!-- Default suite -->
</testng-results>
